2026-02-18 17:57:27.605 - [INFO]: Job scheduled
2026-02-18 17:57:27.618 - [INFO]: Job scheduled
2026-02-18 17:57:51.636 - [INFO]: Job scheduled
2026-02-18 17:57:51.648 - [INFO]: Job scheduled
2026-02-18 17:57:51.649 - [INFO]: Job scheduled
2026-02-18 17:57:51.649 - [INFO]: Starting scheduler
2026-02-18 17:57:51.649 - [INFO]: start
2026-02-18 17:57:51.649 - [INFO]: schedule, now=2026-02-18T17:57:51+08:00, entry=1, next=2026-02-18T17:58:00+08:00
2026-02-18 17:57:51.750 - [INFO]: Stopping scheduler
2026-02-18 17:57:51.750 - [INFO]: Scheduler stopped, all jobs completed
2026-02-18 17:57:51.750 - [INFO]: stop
2026-02-18 17:58:21.561 - [INFO]: Job scheduled
2026-02-18 17:58:21.573 - [INFO]: Job scheduled
2026-02-18 17:58:21.574 - [INFO]: Job scheduled
2026-02-18 17:58:21.575 - [INFO]: Starting scheduler
2026-02-18 17:58:21.575 - [INFO]: start
2026-02-18 17:58:21.575 - [INFO]: schedule, now=2026-02-18T17:58:21+08:00, entry=1, next=2026-02-18T17:59:00+08:00
2026-02-18 17:58:21.676 - [INFO]: Stopping scheduler
2026-02-18 17:58:21.676 - [INFO]: stop
2026-02-18 17:58:21.676 - [INFO]: Scheduler stopped, all jobs completed
2026-02-18 18:07:47.270 - [INFO]: Job scheduled
2026-02-18 18:07:47.282 - [INFO]: Job scheduled
2026-02-18 18:07:47.283 - [INFO]: Job scheduled
2026-02-18 18:07:47.283 - [INFO]: Starting scheduler
2026-02-18 18:07:47.283 - [INFO]: start
2026-02-18 18:07:47.283 - [INFO]: schedule, now=2026-02-18T18:07:47+08:00, entry=1, next=2026-02-18T18:08:00+08:00
2026-02-18 18:07:47.383 - [INFO]: Stopping scheduler
2026-02-18 18:07:47.383 - [INFO]: stop
2026-02-18 18:07:47.383 - [INFO]: Scheduler stopped, all jobs completed
2026-02-18 18:15:55.111 - [INFO]: Job scheduled
2026-02-18 18:15:55.123 - [INFO]: Job scheduled
2026-02-18 19:18:49.737 - [INFO]: Job scheduled
2026-02-18 19:18:49.750 - [INFO]: Job scheduled
2026-02-18 19:18:49.752 - [INFO]: Job scheduled
2026-02-18 19:18:49.752 - [INFO]: Starting scheduler
2026-02-18 19:18:49.752 - [INFO]: start
2026-02-18 19:18:49.752 - [INFO]: schedule, now=2026-02-18T19:18:49+08:00, entry=1, next=2026-02-18T19:19:00+08:00
2026-02-18 19:18:49.852 - [INFO]: Stopping scheduler
2026-02-18 19:18:49.852 - [INFO]: Scheduler stopped, all jobs completed
2026-02-18 19:18:49.852 - [INFO]: stop
